[INFO] Scanning for projects...
[INFO]                                                                         
[INFO] ------------------------------------------------------------------------
[INFO] Building java-template 1.0-SNAPSHOT
[INFO] ------------------------------------------------------------------------
[INFO] 
[INFO] >>> cobertura-maven-plugin:2.7:cobertura (default-cli) > [cobertura]test @ java-template >>>
[INFO] 
[INFO] --- maven-resources-plugin:2.6:resources (default-resources) @ java-template ---
[INFO] Using 'UTF-8' encoding to copy filtered resources.
[INFO] Copying 0 resource
[INFO] 
[INFO] --- maven-compiler-plugin:2.3.2:compile (default-compile) @ java-template ---
[INFO] Nothing to compile - all classes are up to date
[INFO] 
[INFO] --- cobertura-maven-plugin:2.7:instrument (default-cli) @ java-template ---
[INFO] Cobertura 2.1.1 - GNU GPL License (NO WARRANTY) - See COPYRIGHT file
[INFO] Cobertura: Saved information on 1 classes.
[INFO] Cobertura: Saved information on 1 classes.

[INFO] Instrumentation was successful.
[INFO] NOT adding cobertura ser file to attached artifacts list.
[INFO] 
[INFO] --- maven-resources-plugin:2.6:testResources (default-testResources) @ java-template ---
[INFO] Using 'UTF-8' encoding to copy filtered resources.
[INFO] Copying 0 resource
[INFO] 
[INFO] --- maven-compiler-plugin:2.3.2:testCompile (default-testCompile) @ java-template ---
[INFO] Nothing to compile - all classes are up to date
[INFO] 
[INFO] --- maven-surefire-plugin:2.12.4:test (default-test) @ java-template ---
[INFO] Surefire report directory: /Users/guido/code/pet/java-mvn-gitlab-template/target/surefire-reports

-------------------------------------------------------
 T E S T S
-------------------------------------------------------
Running be.tripled.template.HelloSecondWorldTest
Tests run: 1, Failures: 1, Errors: 0, Skipped: 0, Time elapsed: 5.203 sec <<< FAILURE!
hello(be.tripled.template.HelloSecondWorldTest)  Time elapsed: 5.168 sec  <<< FAILURE!
java.lang.AssertionError
	at org.junit.Assert.fail(Assert.java:86)
	at org.junit.Assert.fail(Assert.java:95)
	at be.tripled.template.HelloSecondWorldTest.hello(HelloSecondWorldTest.java:14)
	at sun.reflect.NativeMethodAccessorImpl.invoke0(Native Method)
	at sun.reflect.NativeMethodAccessorImpl.invoke(NativeMethodAccessorImpl.java:62)
	at sun.reflect.DelegatingMethodAccessorImpl.invoke(DelegatingMethodAccessorImpl.java:43)
	at java.lang.reflect.Method.invoke(Method.java:498)
	at org.junit.runners.model.FrameworkMethod$1.runReflectiveCall(FrameworkMethod.java:50)
	at org.junit.internal.runners.model.ReflectiveCallable.run(ReflectiveCallable.java:12)
	at org.junit.runners.model.FrameworkMethod.invokeExplosively(FrameworkMethod.java:47)
	at org.junit.internal.runners.statements.InvokeMethod.evaluate(InvokeMethod.java:17)
	at org.junit.runners.ParentRunner.runLeaf(ParentRunner.java:325)
	at org.junit.runners.BlockJUnit4ClassRunner.runChild(BlockJUnit4ClassRunner.java:78)
	at org.junit.runners.BlockJUnit4ClassRunner.runChild(BlockJUnit4ClassRunner.java:57)
	at org.junit.runners.ParentRunner$3.run(ParentRunner.java:290)
	at org.junit.runners.ParentRunner$1.schedule(ParentRunner.java:71)
	at org.junit.runners.ParentRunner.runChildren(ParentRunner.java:288)
	at org.junit.runners.ParentRunner.access$000(ParentRunner.java:58)
	at org.junit.runners.ParentRunner$2.evaluate(ParentRunner.java:268)
	at org.junit.runners.ParentRunner.run(ParentRunner.java:363)
	at org.apache.maven.surefire.junit4.JUnit4Provider.execute(JUnit4Provider.java:252)
	at org.apache.maven.surefire.junit4.JUnit4Provider.executeTestSet(JUnit4Provider.java:141)
	at org.apache.maven.surefire.junit4.JUnit4Provider.invoke(JUnit4Provider.java:112)
	at sun.reflect.NativeMethodAccessorImpl.invoke0(Native Method)
	at sun.reflect.NativeMethodAccessorImpl.invoke(NativeMethodAccessorImpl.java:62)
	at sun.reflect.DelegatingMethodAccessorImpl.invoke(DelegatingMethodAccessorImpl.java:43)
	at java.lang.reflect.Method.invoke(Method.java:498)
	at org.apache.maven.surefire.util.ReflectionUtils.invokeMethodWithArray(ReflectionUtils.java:189)
	at org.apache.maven.surefire.booter.ProviderFactory$ProviderProxy.invoke(ProviderFactory.java:165)
	at org.apache.maven.surefire.booter.ProviderFactory.invokeProvider(ProviderFactory.java:85)
	at org.apache.maven.surefire.booter.ForkedBooter.runSuitesInProcess(ForkedBooter.java:115)
	at org.apache.maven.surefire.booter.ForkedBooter.main(ForkedBooter.java:75)

Running be.tripled.template.HelloWorldTest
Tests run: 1, Failures: 0, Errors: 0, Skipped: 0, Time elapsed: 0 sec
[INFO] Cobertura: Loaded information on 1 classes.
[INFO] Cobertura: Saved information on 1 classes.

Results :

Failed tests:   hello(be.tripled.template.HelloSecondWorldTest)

Tests run: 2, Failures: 1, Errors: 0, Skipped: 0

[ERROR] There are test failures.

Please refer to /Users/guido/code/pet/java-mvn-gitlab-template/target/surefire-reports for the individual test results.
[INFO] 
[INFO] <<< cobertura-maven-plugin:2.7:cobertura (default-cli) < [cobertura]test @ java-template <<<
[INFO] 
[INFO] --- cobertura-maven-plugin:2.7:cobertura (default-cli) @ java-template ---
[INFO] Cobertura 2.1.1 - GNU GPL License (NO WARRANTY) - See COPYRIGHT file
[INFO] Cobertura: Loaded information on 1 classes.
Report time: 96ms

[INFO] Cobertura Report generation was successful.
[INFO] ------------------------------------------------------------------------
[INFO] BUILD SUCCESS
[INFO] ------------------------------------------------------------------------
[INFO] Total time: 18.540 s
[INFO] Finished at: 2017-01-16T11:36:27+01:00
[INFO] Final Memory: 15M/309M
[INFO] ------------------------------------------------------------------------
